\BOOKMARK [1][-]{section.1}{Introduction}{}% 1
\BOOKMARK [2][-]{subsection.1.1}{Purpose}{section.1}% 2
\BOOKMARK [2][-]{subsection.1.2}{Scope}{section.1}% 3
\BOOKMARK [2][-]{subsection.1.3}{Definitions, Acronyms, Abbreviations}{section.1}% 4
\BOOKMARK [3][-]{subsubsection.1.3.1}{Definitions}{subsection.1.3}% 5
\BOOKMARK [3][-]{subsubsection.1.3.2}{Acronyms}{subsection.1.3}% 6
\BOOKMARK [3][-]{subsubsection.1.3.3}{Abbreviations}{subsection.1.3}% 7
\BOOKMARK [2][-]{subsection.1.4}{Reference Documents}{section.1}% 8
\BOOKMARK [2][-]{subsection.1.5}{Overview}{section.1}% 9
\BOOKMARK [1][-]{section.2}{Architectural Design}{}% 10
\BOOKMARK [2][-]{subsection.2.1}{Overview}{section.2}% 11
\BOOKMARK [2][-]{subsection.2.2}{Component View}{section.2}% 12
\BOOKMARK [2][-]{subsection.2.3}{Deployment View}{section.2}% 13
\BOOKMARK [2][-]{subsection.2.4}{Runtime View}{section.2}% 14
\BOOKMARK [3][-]{subsubsection.2.4.1}{Registration Runtime View}{subsection.2.4}% 15
\BOOKMARK [3][-]{subsubsection.2.4.2}{Login Runtime View}{subsection.2.4}% 16
\BOOKMARK [3][-]{subsubsection.2.4.3}{Add Event Runtime View}{subsection.2.4}% 17
\BOOKMARK [3][-]{subsubsection.2.4.4}{Book Travel Runtime View}{subsection.2.4}% 18
\BOOKMARK [3][-]{subsubsection.2.4.5}{Notification Runtime View}{subsection.2.4}% 19
\BOOKMARK [2][-]{subsection.2.5}{Component Interfaces}{section.2}% 20
\BOOKMARK [3][-]{subsubsection.2.5.1}{REST API}{subsection.2.5}% 21
\BOOKMARK [2][-]{subsection.2.6}{Architectural Styles and Patterns}{section.2}% 22
\BOOKMARK [2][-]{subsection.2.7}{Other Design Decisions}{section.2}% 23
\BOOKMARK [1][-]{section.3}{Algorithm Design}{}% 24
\BOOKMARK [2][-]{subsection.3.1}{Check feasibility for standard and flexible Events}{section.3}% 25
\BOOKMARK [2][-]{subsection.3.2}{Check feasibility for repetitive Events}{section.3}% 26
\BOOKMARK [2][-]{subsection.3.3}{Adjust times for flexible Events}{section.3}% 27
\BOOKMARK [1][-]{section.4}{User Interface Design}{}% 28
\BOOKMARK [2][-]{subsection.4.1}{UX Diagram}{section.4}% 29
\BOOKMARK [1][-]{section.5}{Requirements Traceability}{}% 30
\BOOKMARK [1][-]{section.6}{Implementation, Integration and Test Plan}{}% 31
\BOOKMARK [2][-]{subsection.6.1}{Sequence of Component Integration}{section.6}% 32
\BOOKMARK [1][-]{section.7}{Effort Spent}{}% 33
