\BOOKMARK [1][-]{section.1}{Introduction}{}% 1
\BOOKMARK [2][-]{subsection.1.1}{Purpose and Scope}{section.1}% 2
\BOOKMARK [2][-]{subsection.1.2}{Definitions, Acronyms, Abbreviations}{section.1}% 3
\BOOKMARK [3][-]{subsubsection.1.2.1}{Definitions}{subsection.1.2}% 4
\BOOKMARK [3][-]{subsubsection.1.2.2}{Acronyms}{subsection.1.2}% 5
\BOOKMARK [2][-]{subsection.1.3}{Reference Documents}{section.1}% 6
\BOOKMARK [2][-]{subsection.1.4}{Overview}{section.1}% 7
\BOOKMARK [1][-]{section.2}{Implemented requirements}{}% 8
\BOOKMARK [2][-]{subsection.2.1}{Registration}{section.2}% 9
\BOOKMARK [2][-]{subsection.2.2}{Login}{section.2}% 10
\BOOKMARK [2][-]{subsection.2.3}{User management}{section.2}% 11
\BOOKMARK [2][-]{subsection.2.4}{Event creation}{section.2}% 12
\BOOKMARK [2][-]{subsection.2.5}{Travel}{section.2}% 13
\BOOKMARK [2][-]{subsection.2.6}{Event visualization}{section.2}% 14
\BOOKMARK [2][-]{subsection.2.7}{Event deletion}{section.2}% 15
\BOOKMARK [2][-]{subsection.2.8}{Valid Event Generation}{section.2}% 16
\BOOKMARK [2][-]{subsection.2.9}{Feasibility check}{section.2}% 17
\BOOKMARK [2][-]{subsection.2.10}{Valid Event Generation}{section.2}% 18
\BOOKMARK [2][-]{subsection.2.11}{Notification}{section.2}% 19
\BOOKMARK [2][-]{subsection.2.12}{Booking}{section.2}% 20
\BOOKMARK [1][-]{section.3}{Design choices }{}% 21
\BOOKMARK [2][-]{subsection.3.1}{Data layer}{section.3}% 22
\BOOKMARK [2][-]{subsection.3.2}{Business Logic Layer}{section.3}% 23
\BOOKMARK [3][-]{subsubsection.3.2.1}{External Services}{subsection.3.2}% 24
\BOOKMARK [3][-]{subsubsection.3.2.2}{Framework}{subsection.3.2}% 25
\BOOKMARK [2][-]{subsection.3.3}{Presentation Layer/Client}{section.3}% 26
\BOOKMARK [3][-]{subsubsection.3.3.1}{iOS}{subsection.3.3}% 27
\BOOKMARK [3][-]{subsubsection.3.3.2}{Swift}{subsection.3.3}% 28
\BOOKMARK [3][-]{subsubsection.3.3.3}{External frameworks}{subsection.3.3}% 29
\BOOKMARK [3][-]{subsubsection.3.3.4}{Apple frameworks}{subsection.3.3}% 30
\BOOKMARK [3][-]{subsubsection.3.3.5}{Model View Controller}{subsection.3.3}% 31
\BOOKMARK [1][-]{section.4}{Source code structure}{}% 32
\BOOKMARK [2][-]{subsection.4.1}{Laravel Project Structure}{section.4}% 33
\BOOKMARK [2][-]{subsection.4.2}{Backend model description}{section.4}% 34
\BOOKMARK [2][-]{subsection.4.3}{Xcode project structure}{section.4}% 35
\BOOKMARK [2][-]{subsection.4.4}{Frontend model description}{section.4}% 36
\BOOKMARK [1][-]{section.5}{Testing}{}% 37
\BOOKMARK [2][-]{subsection.5.1}{Unit Testing}{section.5}% 38
\BOOKMARK [2][-]{subsection.5.2}{Integration/Feature Testing}{section.5}% 39
\BOOKMARK [2][-]{subsection.5.3}{iOS Integration testing}{section.5}% 40
\BOOKMARK [1][-]{section.6}{REST API}{}% 41
\BOOKMARK [2][-]{subsection.6.1}{User Management API}{section.6}% 42
\BOOKMARK [2][-]{subsection.6.2}{Schedule Management API}{section.6}% 43
\BOOKMARK [2][-]{subsection.6.3}{Booking Management API}{section.6}% 44
\BOOKMARK [1][-]{section.7}{Effort Spent}{}% 45
