\BOOKMARK [1][-]{section.1}{Introduction}{}% 1
\BOOKMARK [2][-]{subsection.1.1}{Purpose}{section.1}% 2
\BOOKMARK [2][-]{subsection.1.2}{Scope}{section.1}% 3
\BOOKMARK [2][-]{subsection.1.3}{Definitions, Acronyms, Abbreviations}{section.1}% 4
\BOOKMARK [3][-]{subsubsection.1.3.1}{Definitions}{subsection.1.3}% 5
\BOOKMARK [3][-]{subsubsection.1.3.2}{Acronyms}{subsection.1.3}% 6
\BOOKMARK [3][-]{subsubsection.1.3.3}{Abbreviations}{subsection.1.3}% 7
\BOOKMARK [2][-]{subsection.1.4}{Reference Documents}{section.1}% 8
\BOOKMARK [2][-]{subsection.1.5}{Overview}{section.1}% 9
\BOOKMARK [1][-]{section.2}{Overall Description}{}% 10
\BOOKMARK [2][-]{subsection.2.1}{Product Perspective}{section.2}% 11
\BOOKMARK [3][-]{subsubsection.2.1.1}{Class Diagram}{subsection.2.1}% 12
\BOOKMARK [3][-]{subsubsection.2.1.2}{State Chart Diagrams}{subsection.2.1}% 13
\BOOKMARK [3][-]{subsubsection.2.1.3}{Use Case Diagrams}{subsection.2.1}% 14
\BOOKMARK [3][-]{subsubsection.2.1.4}{Use Case Templates}{subsection.2.1}% 15
\BOOKMARK [3][-]{subsubsection.2.1.5}{Sequence Diagrams}{subsection.2.1}% 16
\BOOKMARK [2][-]{subsection.2.2}{Product Functions}{section.2}% 17
\BOOKMARK [2][-]{subsection.2.3}{User Characteristics}{section.2}% 18
\BOOKMARK [2][-]{subsection.2.4}{Constraints, Dependencies, Assumptions}{section.2}% 19
\BOOKMARK [1][-]{section.3}{Specific Requirements}{}% 20
\BOOKMARK [2][-]{subsection.3.1}{External Interface Requirements}{section.3}% 21
\BOOKMARK [3][-]{subsubsection.3.1.1}{User Interfaces}{subsection.3.1}% 22
\BOOKMARK [3][-]{subsubsection.3.1.2}{Hardware Interfaces}{subsection.3.1}% 23
\BOOKMARK [3][-]{subsubsection.3.1.3}{Software Interfaces}{subsection.3.1}% 24
\BOOKMARK [3][-]{subsubsection.3.1.4}{Communication Interfaces}{subsection.3.1}% 25
\BOOKMARK [2][-]{subsection.3.2}{Functional Requirements}{section.3}% 26
\BOOKMARK [2][-]{subsection.3.3}{Performance Requirements}{section.3}% 27
\BOOKMARK [2][-]{subsection.3.4}{Design Constraints}{section.3}% 28
\BOOKMARK [3][-]{subsubsection.3.4.1}{Standards Compliance}{subsection.3.4}% 29
\BOOKMARK [3][-]{subsubsection.3.4.2}{Hardware Limitations}{subsection.3.4}% 30
\BOOKMARK [2][-]{subsection.3.5}{Software Attributes}{section.3}% 31
\BOOKMARK [3][-]{subsubsection.3.5.1}{Reliability}{subsection.3.5}% 32
\BOOKMARK [3][-]{subsubsection.3.5.2}{Availability}{subsection.3.5}% 33
\BOOKMARK [3][-]{subsubsection.3.5.3}{Security}{subsection.3.5}% 34
\BOOKMARK [3][-]{subsubsection.3.5.4}{Maintainability}{subsection.3.5}% 35
\BOOKMARK [3][-]{subsubsection.3.5.5}{Portability}{subsection.3.5}% 36
\BOOKMARK [1][-]{section.4}{Formal Analysis Using Alloy}{}% 37
\BOOKMARK [1][-]{section.5}{Effort Spent}{}% 38
\BOOKMARK [1][-]{section.6}{References}{}% 39
